<?xml version="1.0" encoding="UTF-8"?>
<!-- Generated by org.testng.reporters.JUnitReportReporter -->
<testsuite hostname="svanik" name="org.Maven.Practice.LoginTest" tests="1" failures="0" timestamp="18 Sep 2015 07:48:49 GMT" time="7.410" errors="0">
  <testcase name="LoginFuntion" time="7.410" classname="org.Maven.Practice.LoginTest"/>
</testsuite> <!-- org.Maven.Practice.LoginTest -->
